{"C:\\Users\\User\\Desktop\\budget-planning-app\\app.js": {"path":"C:\\Users\\User\\Desktop\\budget-planning-app\\app.js","statementMap":{"0":{"start":{"line":2,"column":0},"end":{"line":2,"column":56}},"1":{"start":{"line":5,"column":16},"end":{"line":5,"column":34}},"2":{"start":{"line":6,"column":13},"end":{"line":6,"column":28}},"3":{"start":{"line":9,"column":20},"end":{"line":9,"column":50}},"4":{"start":{"line":10,"column":23},"end":{"line":10,"column":57}},"5":{"start":{"line":11,"column":26},"end":{"line":11,"column":63}},"6":{"start":{"line":12,"column":22},"end":{"line":12,"column":55}},"7":{"start":{"line":13,"column":24},"end":{"line":13,"column":59}},"8":{"start":{"line":14,"column":23},"end":{"line":14,"column":57}},"9":{"start":{"line":17,"column":21},"end":{"line":17,"column":60}},"10":{"start":{"line":18,"column":24},"end":{"line":18,"column":56}},"11":{"start":{"line":21,"column":12},"end":{"line":21,"column":21}},"12":{"start":{"line":24,"column":0},"end":{"line":24,"column":16}},"13":{"start":{"line":25,"column":0},"end":{"line":25,"column":24}},"14":{"start":{"line":26,"column":0},"end":{"line":26,"column":49}},"15":{"start":{"line":29,"column":0},"end":{"line":29,"column":31}},"16":{"start":{"line":30,"column":0},"end":{"line":30,"column":39}},"17":{"start":{"line":31,"column":0},"end":{"line":31,"column":44}},"18":{"start":{"line":32,"column":0},"end":{"line":32,"column":36}},"19":{"start":{"line":33,"column":0},"end":{"line":33,"column":40}},"20":{"start":{"line":34,"column":0},"end":{"line":34,"column":39}},"21":{"start":{"line":37,"column":0},"end":{"line":37,"column":25}},"22":{"start":{"line":38,"column":0},"end":{"line":38,"column":22}},"23":{"start":{"line":40,"column":0},"end":{"line":40,"column":21}}},"fnMap":{},"branchMap":{},"s":{"0":1,"1":1,"2":1,"3":1,"4":1,"5":1,"6":1,"7":1,"8":1,"9":1,"10":1,"11":1,"12":1,"13":1,"14":1,"15":1,"16":1,"17":1,"18":1,"19":1,"20":1,"21":1,"22":1,"23":1},"f":{},"b":{},"_coverageSchema":"1a1c01bbd47fc00a2c39e90264f33305004495a9","hash":"df6257ed0955bd38090fc39ad70f426df7df2225"}
,"C:\\Users\\User\\Desktop\\budget-planning-app\\controllers\\accountController.js": {"path":"C:\\Users\\User\\Desktop\\budget-planning-app\\controllers\\accountController.js","statementMap":{"0":{"start":{"line":1,"column":21},"end":{"line":1,"column":53}},"1":{"start":{"line":4,"column":16},"end":{"line":4,"column":44}},"2":{"start":{"line":5,"column":20},"end":{"line":5,"column":52}},"3":{"start":{"line":8,"column":0},"end":{"line":16,"column":3}},"4":{"start":{"line":9,"column":21},"end":{"line":9,"column":68}},"5":{"start":{"line":11,"column":4},"end":{"line":15,"column":7}},"6":{"start":{"line":19,"column":0},"end":{"line":37,"column":3}},"7":{"start":{"line":24,"column":8},"end":{"line":24,"column":16}},"8":{"start":{"line":26,"column":4},"end":{"line":31,"column":7}},"9":{"start":{"line":33,"column":4},"end":{"line":36,"column":7}},"10":{"start":{"line":40,"column":0},"end":{"line":66,"column":3}},"11":{"start":{"line":41,"column":20},"end":{"line":41,"column":57}},"12":{"start":{"line":43,"column":28},"end":{"line":44,"column":59}},"13":{"start":{"line":44,"column":38},"end":{"line":44,"column":55}},"14":{"start":{"line":46,"column":4},"end":{"line":49,"column":5}},"15":{"start":{"line":47,"column":8},"end":{"line":47,"column":24}},"16":{"start":{"line":48,"column":8},"end":{"line":48,"column":45}},"17":{"start":{"line":51,"column":4},"end":{"line":54,"column":5}},"18":{"start":{"line":52,"column":8},"end":{"line":52,"column":24}},"19":{"start":{"line":53,"column":8},"end":{"line":53,"column":42}},"20":{"start":{"line":56,"column":4},"end":{"line":59,"column":5}},"21":{"start":{"line":57,"column":8},"end":{"line":57,"column":24}},"22":{"start":{"line":58,"column":8},"end":{"line":58,"column":40}},"23":{"start":{"line":61,"column":4},"end":{"line":65,"column":7}},"24":{"start":{"line":69,"column":0},"end":{"line":93,"column":3}},"25":{"start":{"line":70,"column":20},"end":{"line":70,"column":57}},"26":{"start":{"line":72,"column":4},"end":{"line":75,"column":5}},"27":{"start":{"line":73,"column":8},"end":{"line":73,"column":24}},"28":{"start":{"line":74,"column":8},"end":{"line":74,"column":45}},"29":{"start":{"line":77,"column":4},"end":{"line":80,"column":5}},"30":{"start":{"line":78,"column":8},"end":{"line":78,"column":24}},"31":{"start":{"line":79,"column":8},"end":{"line":79,"column":42}},"32":{"start":{"line":82,"column":4},"end":{"line":85,"column":5}},"33":{"start":{"line":83,"column":8},"end":{"line":83,"column":24}},"34":{"start":{"line":84,"column":8},"end":{"line":84,"column":40}},"35":{"start":{"line":87,"column":4},"end":{"line":87,"column":61}},"36":{"start":{"line":89,"column":4},"end":{"line":92,"column":7}},"37":{"start":{"line":96,"column":0},"end":{"line":121,"column":3}},"38":{"start":{"line":97,"column":20},"end":{"line":97,"column":57}},"39":{"start":{"line":99,"column":4},"end":{"line":102,"column":5}},"40":{"start":{"line":100,"column":8},"end":{"line":100,"column":24}},"41":{"start":{"line":101,"column":8},"end":{"line":101,"column":45}},"42":{"start":{"line":104,"column":4},"end":{"line":107,"column":5}},"43":{"start":{"line":105,"column":8},"end":{"line":105,"column":24}},"44":{"start":{"line":106,"column":8},"end":{"line":106,"column":42}},"45":{"start":{"line":109,"column":4},"end":{"line":112,"column":5}},"46":{"start":{"line":110,"column":8},"end":{"line":110,"column":24}},"47":{"start":{"line":111,"column":8},"end":{"line":111,"column":40}},"48":{"start":{"line":114,"column":4},"end":{"line":114,"column":51}},"49":{"start":{"line":115,"column":4},"end":{"line":115,"column":61}},"50":{"start":{"line":117,"column":4},"end":{"line":120,"column":7}}},"fnMap":{"0":{"name":"(anonymous_0)","decl":{"start":{"line":8,"column":35},"end":{"line":8,"column":36}},"loc":{"start":{"line":8,"column":61},"end":{"line":16,"column":1}},"line":8},"1":{"name":"(anonymous_1)","decl":{"start":{"line":19,"column":37},"end":{"line":19,"column":38}},"loc":{"start":{"line":19,"column":63},"end":{"line":37,"column":1}},"line":19},"2":{"name":"(anonymous_2)","decl":{"start":{"line":40,"column":34},"end":{"line":40,"column":35}},"loc":{"start":{"line":40,"column":60},"end":{"line":66,"column":1}},"line":40},"3":{"name":"(anonymous_3)","decl":{"start":{"line":44,"column":16},"end":{"line":44,"column":17}},"loc":{"start":{"line":44,"column":38},"end":{"line":44,"column":55}},"line":44},"4":{"name":"(anonymous_4)","decl":{"start":{"line":69,"column":37},"end":{"line":69,"column":38}},"loc":{"start":{"line":69,"column":63},"end":{"line":93,"column":1}},"line":69},"5":{"name":"(anonymous_5)","decl":{"start":{"line":96,"column":37},"end":{"line":96,"column":38}},"loc":{"start":{"line":96,"column":63},"end":{"line":121,"column":1}},"line":96}},"branchMap":{"0":{"loc":{"start":{"line":9,"column":21},"end":{"line":9,"column":68}},"type":"binary-expr","locations":[{"start":{"line":9,"column":21},"end":{"line":9,"column":62}},{"start":{"line":9,"column":66},"end":{"line":9,"column":68}}],"line":9},"1":{"loc":{"start":{"line":46,"column":4},"end":{"line":49,"column":5}},"type":"if","locations":[{"start":{"line":46,"column":4},"end":{"line":49,"column":5}},{"start":{},"end":{}}],"line":46},"2":{"loc":{"start":{"line":51,"column":4},"end":{"line":54,"column":5}},"type":"if","locations":[{"start":{"line":51,"column":4},"end":{"line":54,"column":5}},{"start":{},"end":{}}],"line":51},"3":{"loc":{"start":{"line":56,"column":4},"end":{"line":59,"column":5}},"type":"if","locations":[{"start":{"line":56,"column":4},"end":{"line":59,"column":5}},{"start":{},"end":{}}],"line":56},"4":{"loc":{"start":{"line":72,"column":4},"end":{"line":75,"column":5}},"type":"if","locations":[{"start":{"line":72,"column":4},"end":{"line":75,"column":5}},{"start":{},"end":{}}],"line":72},"5":{"loc":{"start":{"line":77,"column":4},"end":{"line":80,"column":5}},"type":"if","locations":[{"start":{"line":77,"column":4},"end":{"line":80,"column":5}},{"start":{},"end":{}}],"line":77},"6":{"loc":{"start":{"line":82,"column":4},"end":{"line":85,"column":5}},"type":"if","locations":[{"start":{"line":82,"column":4},"end":{"line":85,"column":5}},{"start":{},"end":{}}],"line":82},"7":{"loc":{"start":{"line":99,"column":4},"end":{"line":102,"column":5}},"type":"if","locations":[{"start":{"line":99,"column":4},"end":{"line":102,"column":5}},{"start":{},"end":{}}],"line":99},"8":{"loc":{"start":{"line":104,"column":4},"end":{"line":107,"column":5}},"type":"if","locations":[{"start":{"line":104,"column":4},"end":{"line":107,"column":5}},{"start":{},"end":{}}],"line":104},"9":{"loc":{"start":{"line":109,"column":4},"end":{"line":112,"column":5}},"type":"if","locations":[{"start":{"line":109,"column":4},"end":{"line":112,"column":5}},{"start":{},"end":{}}],"line":109}},"s":{"0":1,"1":1,"2":1,"3":1,"4":1,"5":0,"6":1,"7":0,"8":0,"9":0,"10":1,"11":0,"12":0,"13":0,"14":0,"15":0,"16":0,"17":0,"18":0,"19":0,"20":0,"21":0,"22":0,"23":0,"24":1,"25":0,"26":0,"27":0,"28":0,"29":0,"30":0,"31":0,"32":0,"33":0,"34":0,"35":0,"36":0,"37":1,"38":0,"39":0,"40":0,"41":0,"42":0,"43":0,"44":0,"45":0,"46":0,"47":0,"48":0,"49":0,"50":0},"f":{"0":1,"1":0,"2":0,"3":0,"4":0,"5":0},"b":{"0":[1,0],"1":[0,0],"2":[0,0],"3":[0,0],"4":[0,0],"5":[0,0],"6":[0,0],"7":[0,0],"8":[0,0],"9":[0,0]},"_coverageSchema":"1a1c01bbd47fc00a2c39e90264f33305004495a9","hash":"87a3dae083e116e2e6b6110a9c7d38f5a24148fa"}
,"C:\\Users\\User\\Desktop\\budget-planning-app\\controllers\\categoryController.js": {"path":"C:\\Users\\User\\Desktop\\budget-planning-app\\controllers\\categoryController.js","statementMap":{"0":{"start":{"line":1,"column":21},"end":{"line":1,"column":53}},"1":{"start":{"line":4,"column":17},"end":{"line":4,"column":46}},"2":{"start":{"line":7,"column":0},"end":{"line":15,"column":3}},"3":{"start":{"line":8,"column":23},"end":{"line":8,"column":71}},"4":{"start":{"line":10,"column":4},"end":{"line":14,"column":7}},"5":{"start":{"line":18,"column":0},"end":{"line":41,"column":3}},"6":{"start":{"line":22,"column":8},"end":{"line":22,"column":16}},"7":{"start":{"line":24,"column":27},"end":{"line":24,"column":79}},"8":{"start":{"line":26,"column":4},"end":{"line":29,"column":5}},"9":{"start":{"line":27,"column":8},"end":{"line":27,"column":24}},"10":{"start":{"line":28,"column":8},"end":{"line":28,"column":67}},"11":{"start":{"line":31,"column":4},"end":{"line":35,"column":7}},"12":{"start":{"line":37,"column":4},"end":{"line":40,"column":7}},"13":{"start":{"line":44,"column":0},"end":{"line":65,"column":3}},"14":{"start":{"line":45,"column":21},"end":{"line":45,"column":59}},"15":{"start":{"line":47,"column":4},"end":{"line":50,"column":5}},"16":{"start":{"line":48,"column":8},"end":{"line":48,"column":24}},"17":{"start":{"line":49,"column":8},"end":{"line":49,"column":46}},"18":{"start":{"line":52,"column":4},"end":{"line":55,"column":5}},"19":{"start":{"line":53,"column":8},"end":{"line":53,"column":24}},"20":{"start":{"line":54,"column":8},"end":{"line":54,"column":42}},"21":{"start":{"line":57,"column":4},"end":{"line":60,"column":5}},"22":{"start":{"line":58,"column":9},"end":{"line":58,"column":25}},"23":{"start":{"line":59,"column":8},"end":{"line":59,"column":40}},"24":{"start":{"line":61,"column":4},"end":{"line":64,"column":7}},"25":{"start":{"line":68,"column":0},"end":{"line":92,"column":3}},"26":{"start":{"line":69,"column":21},"end":{"line":69,"column":59}},"27":{"start":{"line":71,"column":4},"end":{"line":74,"column":5}},"28":{"start":{"line":72,"column":8},"end":{"line":72,"column":24}},"29":{"start":{"line":73,"column":8},"end":{"line":73,"column":46}},"30":{"start":{"line":76,"column":4},"end":{"line":79,"column":5}},"31":{"start":{"line":77,"column":8},"end":{"line":77,"column":24}},"32":{"start":{"line":78,"column":8},"end":{"line":78,"column":42}},"33":{"start":{"line":81,"column":4},"end":{"line":84,"column":5}},"34":{"start":{"line":82,"column":8},"end":{"line":82,"column":24}},"35":{"start":{"line":83,"column":8},"end":{"line":83,"column":40}},"36":{"start":{"line":86,"column":4},"end":{"line":86,"column":62}},"37":{"start":{"line":88,"column":4},"end":{"line":91,"column":7}},"38":{"start":{"line":95,"column":0},"end":{"line":119,"column":3}},"39":{"start":{"line":96,"column":21},"end":{"line":96,"column":59}},"40":{"start":{"line":98,"column":4},"end":{"line":101,"column":5}},"41":{"start":{"line":99,"column":8},"end":{"line":99,"column":24}},"42":{"start":{"line":100,"column":8},"end":{"line":100,"column":46}},"43":{"start":{"line":103,"column":4},"end":{"line":106,"column":5}},"44":{"start":{"line":104,"column":8},"end":{"line":104,"column":24}},"45":{"start":{"line":105,"column":8},"end":{"line":105,"column":42}},"46":{"start":{"line":108,"column":4},"end":{"line":111,"column":5}},"47":{"start":{"line":109,"column":9},"end":{"line":109,"column":25}},"48":{"start":{"line":110,"column":9},"end":{"line":110,"column":41}},"49":{"start":{"line":113,"column":4},"end":{"line":113,"column":28}},"50":{"start":{"line":115,"column":4},"end":{"line":118,"column":7}}},"fnMap":{"0":{"name":"(anonymous_0)","decl":{"start":{"line":7,"column":37},"end":{"line":7,"column":38}},"loc":{"start":{"line":7,"column":63},"end":{"line":15,"column":1}},"line":7},"1":{"name":"(anonymous_1)","decl":{"start":{"line":18,"column":38},"end":{"line":18,"column":39}},"loc":{"start":{"line":18,"column":64},"end":{"line":41,"column":1}},"line":18},"2":{"name":"(anonymous_2)","decl":{"start":{"line":44,"column":35},"end":{"line":44,"column":36}},"loc":{"start":{"line":44,"column":61},"end":{"line":65,"column":1}},"line":44},"3":{"name":"(anonymous_3)","decl":{"start":{"line":68,"column":38},"end":{"line":68,"column":39}},"loc":{"start":{"line":68,"column":64},"end":{"line":92,"column":1}},"line":68},"4":{"name":"(anonymous_4)","decl":{"start":{"line":95,"column":38},"end":{"line":95,"column":39}},"loc":{"start":{"line":95,"column":64},"end":{"line":119,"column":1}},"line":95}},"branchMap":{"0":{"loc":{"start":{"line":8,"column":23},"end":{"line":8,"column":71}},"type":"binary-expr","locations":[{"start":{"line":8,"column":23},"end":{"line":8,"column":65}},{"start":{"line":8,"column":69},"end":{"line":8,"column":71}}],"line":8},"1":{"loc":{"start":{"line":26,"column":4},"end":{"line":29,"column":5}},"type":"if","locations":[{"start":{"line":26,"column":4},"end":{"line":29,"column":5}},{"start":{},"end":{}}],"line":26},"2":{"loc":{"start":{"line":47,"column":4},"end":{"line":50,"column":5}},"type":"if","locations":[{"start":{"line":47,"column":4},"end":{"line":50,"column":5}},{"start":{},"end":{}}],"line":47},"3":{"loc":{"start":{"line":52,"column":4},"end":{"line":55,"column":5}},"type":"if","locations":[{"start":{"line":52,"column":4},"end":{"line":55,"column":5}},{"start":{},"end":{}}],"line":52},"4":{"loc":{"start":{"line":57,"column":4},"end":{"line":60,"column":5}},"type":"if","locations":[{"start":{"line":57,"column":4},"end":{"line":60,"column":5}},{"start":{},"end":{}}],"line":57},"5":{"loc":{"start":{"line":71,"column":4},"end":{"line":74,"column":5}},"type":"if","locations":[{"start":{"line":71,"column":4},"end":{"line":74,"column":5}},{"start":{},"end":{}}],"line":71},"6":{"loc":{"start":{"line":76,"column":4},"end":{"line":79,"column":5}},"type":"if","locations":[{"start":{"line":76,"column":4},"end":{"line":79,"column":5}},{"start":{},"end":{}}],"line":76},"7":{"loc":{"start":{"line":81,"column":4},"end":{"line":84,"column":5}},"type":"if","locations":[{"start":{"line":81,"column":4},"end":{"line":84,"column":5}},{"start":{},"end":{}}],"line":81},"8":{"loc":{"start":{"line":98,"column":4},"end":{"line":101,"column":5}},"type":"if","locations":[{"start":{"line":98,"column":4},"end":{"line":101,"column":5}},{"start":{},"end":{}}],"line":98},"9":{"loc":{"start":{"line":103,"column":4},"end":{"line":106,"column":5}},"type":"if","locations":[{"start":{"line":103,"column":4},"end":{"line":106,"column":5}},{"start":{},"end":{}}],"line":103},"10":{"loc":{"start":{"line":108,"column":4},"end":{"line":111,"column":5}},"type":"if","locations":[{"start":{"line":108,"column":4},"end":{"line":111,"column":5}},{"start":{},"end":{}}],"line":108}},"s":{"0":1,"1":1,"2":1,"3":0,"4":0,"5":1,"6":0,"7":0,"8":0,"9":0,"10":0,"11":0,"12":0,"13":1,"14":0,"15":0,"16":0,"17":0,"18":0,"19":0,"20":0,"21":0,"22":0,"23":0,"24":0,"25":1,"26":0,"27":0,"28":0,"29":0,"30":0,"31":0,"32":0,"33":0,"34":0,"35":0,"36":0,"37":0,"38":1,"39":0,"40":0,"41":0,"42":0,"43":0,"44":0,"45":0,"46":0,"47":0,"48":0,"49":0,"50":0},"f":{"0":0,"1":0,"2":0,"3":0,"4":0},"b":{"0":[0,0],"1":[0,0],"2":[0,0],"3":[0,0],"4":[0,0],"5":[0,0],"6":[0,0],"7":[0,0],"8":[0,0],"9":[0,0],"10":[0,0]},"_coverageSchema":"1a1c01bbd47fc00a2c39e90264f33305004495a9","hash":"89fc635c38b90aacfd977aae619e4f53ca59285e"}
,"C:\\Users\\User\\Desktop\\budget-planning-app\\controllers\\currencyController.js": {"path":"C:\\Users\\User\\Desktop\\budget-planning-app\\controllers\\currencyController.js","statementMap":{"0":{"start":{"line":1,"column":21},"end":{"line":1,"column":53}},"1":{"start":{"line":4,"column":17},"end":{"line":4,"column":46}},"2":{"start":{"line":7,"column":0},"end":{"line":15,"column":3}},"3":{"start":{"line":8,"column":23},"end":{"line":8,"column":46}},"4":{"start":{"line":10,"column":4},"end":{"line":14,"column":7}},"5":{"start":{"line":18,"column":0},"end":{"line":25,"column":3}},"6":{"start":{"line":19,"column":4},"end":{"line":19,"column":36}},"7":{"start":{"line":21,"column":4},"end":{"line":24,"column":7}},"8":{"start":{"line":28,"column":0},"end":{"line":35,"column":3}},"9":{"start":{"line":29,"column":21},"end":{"line":29,"column":59}},"10":{"start":{"line":31,"column":4},"end":{"line":34,"column":7}},"11":{"start":{"line":38,"column":0},"end":{"line":45,"column":3}},"12":{"start":{"line":39,"column":4},"end":{"line":39,"column":62}},"13":{"start":{"line":41,"column":4},"end":{"line":44,"column":7}},"14":{"start":{"line":48,"column":0},"end":{"line":55,"column":3}},"15":{"start":{"line":49,"column":4},"end":{"line":49,"column":52}},"16":{"start":{"line":51,"column":4},"end":{"line":54,"column":7}}},"fnMap":{"0":{"name":"(anonymous_0)","decl":{"start":{"line":7,"column":37},"end":{"line":7,"column":38}},"loc":{"start":{"line":7,"column":63},"end":{"line":15,"column":1}},"line":7},"1":{"name":"(anonymous_1)","decl":{"start":{"line":18,"column":38},"end":{"line":18,"column":39}},"loc":{"start":{"line":18,"column":64},"end":{"line":25,"column":1}},"line":18},"2":{"name":"(anonymous_2)","decl":{"start":{"line":28,"column":35},"end":{"line":28,"column":36}},"loc":{"start":{"line":28,"column":61},"end":{"line":35,"column":1}},"line":28},"3":{"name":"(anonymous_3)","decl":{"start":{"line":38,"column":38},"end":{"line":38,"column":39}},"loc":{"start":{"line":38,"column":64},"end":{"line":45,"column":1}},"line":38},"4":{"name":"(anonymous_4)","decl":{"start":{"line":48,"column":38},"end":{"line":48,"column":39}},"loc":{"start":{"line":48,"column":64},"end":{"line":55,"column":1}},"line":48}},"branchMap":{},"s":{"0":1,"1":1,"2":1,"3":0,"4":0,"5":1,"6":0,"7":0,"8":1,"9":0,"10":0,"11":1,"12":0,"13":0,"14":1,"15":0,"16":0},"f":{"0":0,"1":0,"2":0,"3":0,"4":0},"b":{},"_coverageSchema":"1a1c01bbd47fc00a2c39e90264f33305004495a9","hash":"5e999afba2034b38dc36177055c75819060785b0"}
,"C:\\Users\\User\\Desktop\\budget-planning-app\\controllers\\piggyBankController.js": {"path":"C:\\Users\\User\\Desktop\\budget-planning-app\\controllers\\piggyBankController.js","statementMap":{"0":{"start":{"line":1,"column":21},"end":{"line":1,"column":53}},"1":{"start":{"line":4,"column":18},"end":{"line":4,"column":48}},"2":{"start":{"line":7,"column":0},"end":{"line":22,"column":3}},"3":{"start":{"line":8,"column":4},"end":{"line":11,"column":5}},"4":{"start":{"line":9,"column":8},"end":{"line":9,"column":24}},"5":{"start":{"line":10,"column":8},"end":{"line":10,"column":42}},"6":{"start":{"line":12,"column":23},"end":{"line":15,"column":12}},"7":{"start":{"line":17,"column":4},"end":{"line":21,"column":7}},"8":{"start":{"line":25,"column":0},"end":{"line":36,"column":3}},"9":{"start":{"line":26,"column":4},"end":{"line":30,"column":7}},"10":{"start":{"line":32,"column":4},"end":{"line":35,"column":7}},"11":{"start":{"line":39,"column":0},"end":{"line":54,"column":3}},"12":{"start":{"line":40,"column":22},"end":{"line":43,"column":6}},"13":{"start":{"line":45,"column":4},"end":{"line":48,"column":5}},"14":{"start":{"line":46,"column":8},"end":{"line":46,"column":24}},"15":{"start":{"line":47,"column":8},"end":{"line":47,"column":40}},"16":{"start":{"line":50,"column":4},"end":{"line":53,"column":7}},"17":{"start":{"line":57,"column":0},"end":{"line":74,"column":3}},"18":{"start":{"line":58,"column":22},"end":{"line":61,"column":6}},"19":{"start":{"line":63,"column":4},"end":{"line":66,"column":5}},"20":{"start":{"line":64,"column":8},"end":{"line":64,"column":24}},"21":{"start":{"line":65,"column":8},"end":{"line":65,"column":40}},"22":{"start":{"line":68,"column":4},"end":{"line":68,"column":72}},"23":{"start":{"line":70,"column":4},"end":{"line":73,"column":7}},"24":{"start":{"line":77,"column":0},"end":{"line":94,"column":3}},"25":{"start":{"line":78,"column":22},"end":{"line":81,"column":6}},"26":{"start":{"line":83,"column":4},"end":{"line":86,"column":5}},"27":{"start":{"line":84,"column":8},"end":{"line":84,"column":24}},"28":{"start":{"line":85,"column":8},"end":{"line":85,"column":40}},"29":{"start":{"line":88,"column":4},"end":{"line":88,"column":62}},"30":{"start":{"line":90,"column":4},"end":{"line":93,"column":7}}},"fnMap":{"0":{"name":"(anonymous_0)","decl":{"start":{"line":7,"column":37},"end":{"line":7,"column":38}},"loc":{"start":{"line":7,"column":63},"end":{"line":22,"column":1}},"line":7},"1":{"name":"(anonymous_1)","decl":{"start":{"line":25,"column":39},"end":{"line":25,"column":40}},"loc":{"start":{"line":25,"column":65},"end":{"line":36,"column":1}},"line":25},"2":{"name":"(anonymous_2)","decl":{"start":{"line":39,"column":36},"end":{"line":39,"column":37}},"loc":{"start":{"line":39,"column":62},"end":{"line":54,"column":1}},"line":39},"3":{"name":"(anonymous_3)","decl":{"start":{"line":57,"column":39},"end":{"line":57,"column":40}},"loc":{"start":{"line":57,"column":65},"end":{"line":74,"column":1}},"line":57},"4":{"name":"(anonymous_4)","decl":{"start":{"line":77,"column":39},"end":{"line":77,"column":40}},"loc":{"start":{"line":77,"column":65},"end":{"line":94,"column":1}},"line":77}},"branchMap":{"0":{"loc":{"start":{"line":8,"column":4},"end":{"line":11,"column":5}},"type":"if","locations":[{"start":{"line":8,"column":4},"end":{"line":11,"column":5}},{"start":{},"end":{}}],"line":8},"1":{"loc":{"start":{"line":12,"column":23},"end":{"line":15,"column":12}},"type":"binary-expr","locations":[{"start":{"line":12,"column":23},"end":{"line":15,"column":6}},{"start":{"line":15,"column":10},"end":{"line":15,"column":12}}],"line":12},"2":{"loc":{"start":{"line":45,"column":4},"end":{"line":48,"column":5}},"type":"if","locations":[{"start":{"line":45,"column":4},"end":{"line":48,"column":5}},{"start":{},"end":{}}],"line":45},"3":{"loc":{"start":{"line":63,"column":4},"end":{"line":66,"column":5}},"type":"if","locations":[{"start":{"line":63,"column":4},"end":{"line":66,"column":5}},{"start":{},"end":{}}],"line":63},"4":{"loc":{"start":{"line":83,"column":4},"end":{"line":86,"column":5}},"type":"if","locations":[{"start":{"line":83,"column":4},"end":{"line":86,"column":5}},{"start":{},"end":{}}],"line":83}},"s":{"0":1,"1":1,"2":1,"3":0,"4":0,"5":0,"6":0,"7":0,"8":1,"9":0,"10":0,"11":1,"12":0,"13":0,"14":0,"15":0,"16":0,"17":1,"18":0,"19":0,"20":0,"21":0,"22":0,"23":0,"24":1,"25":0,"26":0,"27":0,"28":0,"29":0,"30":0},"f":{"0":0,"1":0,"2":0,"3":0,"4":0},"b":{"0":[0,0],"1":[0,0],"2":[0,0],"3":[0,0],"4":[0,0]},"_coverageSchema":"1a1c01bbd47fc00a2c39e90264f33305004495a9","hash":"247f4ce560a34d863560702bdbd1a9989669b968"}
,"C:\\Users\\User\\Desktop\\budget-planning-app\\controllers\\transactionController.js": {"path":"C:\\Users\\User\\Desktop\\budget-planning-app\\controllers\\transactionController.js","statementMap":{"0":{"start":{"line":1,"column":21},"end":{"line":1,"column":53}},"1":{"start":{"line":4,"column":20},"end":{"line":4,"column":52}},"2":{"start":{"line":7,"column":0},"end":{"line":22,"column":3}},"3":{"start":{"line":8,"column":4},"end":{"line":11,"column":5}},"4":{"start":{"line":9,"column":8},"end":{"line":9,"column":24}},"5":{"start":{"line":10,"column":8},"end":{"line":10,"column":42}},"6":{"start":{"line":13,"column":25},"end":{"line":16,"column":12}},"7":{"start":{"line":18,"column":4},"end":{"line":21,"column":7}},"8":{"start":{"line":25,"column":0},"end":{"line":36,"column":3}},"9":{"start":{"line":26,"column":4},"end":{"line":30,"column":7}},"10":{"start":{"line":32,"column":4},"end":{"line":35,"column":7}},"11":{"start":{"line":39,"column":0},"end":{"line":54,"column":3}},"12":{"start":{"line":40,"column":24},"end":{"line":43,"column":6}},"13":{"start":{"line":45,"column":4},"end":{"line":48,"column":5}},"14":{"start":{"line":46,"column":8},"end":{"line":46,"column":24}},"15":{"start":{"line":47,"column":8},"end":{"line":47,"column":40}},"16":{"start":{"line":50,"column":4},"end":{"line":53,"column":7}},"17":{"start":{"line":57,"column":0},"end":{"line":74,"column":3}},"18":{"start":{"line":58,"column":24},"end":{"line":61,"column":6}},"19":{"start":{"line":63,"column":4},"end":{"line":66,"column":5}},"20":{"start":{"line":64,"column":8},"end":{"line":64,"column":24}},"21":{"start":{"line":65,"column":8},"end":{"line":65,"column":40}},"22":{"start":{"line":68,"column":4},"end":{"line":68,"column":76}},"23":{"start":{"line":70,"column":4},"end":{"line":73,"column":7}},"24":{"start":{"line":77,"column":0},"end":{"line":94,"column":3}},"25":{"start":{"line":78,"column":24},"end":{"line":81,"column":6}},"26":{"start":{"line":83,"column":4},"end":{"line":86,"column":5}},"27":{"start":{"line":84,"column":8},"end":{"line":84,"column":24}},"28":{"start":{"line":85,"column":8},"end":{"line":85,"column":40}},"29":{"start":{"line":88,"column":4},"end":{"line":88,"column":66}},"30":{"start":{"line":90,"column":4},"end":{"line":93,"column":7}}},"fnMap":{"0":{"name":"(anonymous_0)","decl":{"start":{"line":7,"column":39},"end":{"line":7,"column":40}},"loc":{"start":{"line":7,"column":65},"end":{"line":22,"column":1}},"line":7},"1":{"name":"(anonymous_1)","decl":{"start":{"line":25,"column":41},"end":{"line":25,"column":42}},"loc":{"start":{"line":25,"column":67},"end":{"line":36,"column":1}},"line":25},"2":{"name":"(anonymous_2)","decl":{"start":{"line":39,"column":38},"end":{"line":39,"column":39}},"loc":{"start":{"line":39,"column":64},"end":{"line":54,"column":1}},"line":39},"3":{"name":"(anonymous_3)","decl":{"start":{"line":57,"column":41},"end":{"line":57,"column":42}},"loc":{"start":{"line":57,"column":67},"end":{"line":74,"column":1}},"line":57},"4":{"name":"(anonymous_4)","decl":{"start":{"line":77,"column":41},"end":{"line":77,"column":42}},"loc":{"start":{"line":77,"column":67},"end":{"line":94,"column":1}},"line":77}},"branchMap":{"0":{"loc":{"start":{"line":8,"column":4},"end":{"line":11,"column":5}},"type":"if","locations":[{"start":{"line":8,"column":4},"end":{"line":11,"column":5}},{"start":{},"end":{}}],"line":8},"1":{"loc":{"start":{"line":13,"column":25},"end":{"line":16,"column":12}},"type":"binary-expr","locations":[{"start":{"line":13,"column":25},"end":{"line":16,"column":6}},{"start":{"line":16,"column":10},"end":{"line":16,"column":12}}],"line":13},"2":{"loc":{"start":{"line":45,"column":4},"end":{"line":48,"column":5}},"type":"if","locations":[{"start":{"line":45,"column":4},"end":{"line":48,"column":5}},{"start":{},"end":{}}],"line":45},"3":{"loc":{"start":{"line":63,"column":4},"end":{"line":66,"column":5}},"type":"if","locations":[{"start":{"line":63,"column":4},"end":{"line":66,"column":5}},{"start":{},"end":{}}],"line":63},"4":{"loc":{"start":{"line":83,"column":4},"end":{"line":86,"column":5}},"type":"if","locations":[{"start":{"line":83,"column":4},"end":{"line":86,"column":5}},{"start":{},"end":{}}],"line":83}},"s":{"0":1,"1":1,"2":1,"3":0,"4":0,"5":0,"6":0,"7":0,"8":1,"9":0,"10":0,"11":1,"12":0,"13":0,"14":0,"15":0,"16":0,"17":1,"18":0,"19":0,"20":0,"21":0,"22":0,"23":0,"24":1,"25":0,"26":0,"27":0,"28":0,"29":0,"30":0},"f":{"0":0,"1":0,"2":0,"3":0,"4":0},"b":{"0":[0,0],"1":[0,0],"2":[0,0],"3":[0,0],"4":[0,0]},"_coverageSchema":"1a1c01bbd47fc00a2c39e90264f33305004495a9","hash":"27310bf9ac4a2668c98428a11810cd2959bacf0c"}
,"C:\\Users\\User\\Desktop\\budget-planning-app\\controllers\\userControllers.js": {"path":"C:\\Users\\User\\Desktop\\budget-planning-app\\controllers\\userControllers.js","statementMap":{"0":{"start":{"line":2,"column":15},"end":{"line":2,"column":32}},"1":{"start":{"line":3,"column":12},"end":{"line":3,"column":35}},"2":{"start":{"line":6,"column":21},"end":{"line":6,"column":53}},"3":{"start":{"line":9,"column":13},"end":{"line":9,"column":38}},"4":{"start":{"line":10,"column":16},"end":{"line":10,"column":44}},"5":{"start":{"line":11,"column":20},"end":{"line":11,"column":52}},"6":{"start":{"line":14,"column":0},"end":{"line":52,"column":3}},"7":{"start":{"line":25,"column":8},"end":{"line":25,"column":16}},"8":{"start":{"line":27,"column":23},"end":{"line":27,"column":52}},"9":{"start":{"line":29,"column":4},"end":{"line":35,"column":5}},"10":{"start":{"line":30,"column":8},"end":{"line":33,"column":11}},"11":{"start":{"line":34,"column":8},"end":{"line":34,"column":15}},"12":{"start":{"line":38,"column":4},"end":{"line":47,"column":7}},"13":{"start":{"line":48,"column":4},"end":{"line":51,"column":7}},"14":{"start":{"line":55,"column":0},"end":{"line":81,"column":3}},"15":{"start":{"line":59,"column":8},"end":{"line":59,"column":16}},"16":{"start":{"line":61,"column":17},"end":{"line":61,"column":46}},"17":{"start":{"line":63,"column":4},"end":{"line":80,"column":5}},"18":{"start":{"line":64,"column":22},"end":{"line":70,"column":9}},"19":{"start":{"line":72,"column":8},"end":{"line":74,"column":11}},"20":{"start":{"line":76,"column":8},"end":{"line":79,"column":11}},"21":{"start":{"line":84,"column":0},"end":{"line":91,"column":3}},"22":{"start":{"line":85,"column":18},"end":{"line":85,"column":43}},"23":{"start":{"line":86,"column":4},"end":{"line":90,"column":7}},"24":{"start":{"line":94,"column":0},"end":{"line":100,"column":3}},"25":{"start":{"line":95,"column":17},"end":{"line":95,"column":51}},"26":{"start":{"line":96,"column":4},"end":{"line":99,"column":7}},"27":{"start":{"line":103,"column":0},"end":{"line":112,"column":3}},"28":{"start":{"line":104,"column":4},"end":{"line":104,"column":48}},"29":{"start":{"line":105,"column":4},"end":{"line":105,"column":54}},"30":{"start":{"line":106,"column":4},"end":{"line":106,"column":58}},"31":{"start":{"line":108,"column":4},"end":{"line":111,"column":7}}},"fnMap":{"0":{"name":"(anonymous_0)","decl":{"start":{"line":14,"column":36},"end":{"line":14,"column":37}},"loc":{"start":{"line":14,"column":62},"end":{"line":52,"column":1}},"line":14},"1":{"name":"(anonymous_1)","decl":{"start":{"line":55,"column":33},"end":{"line":55,"column":34}},"loc":{"start":{"line":55,"column":59},"end":{"line":81,"column":1}},"line":55},"2":{"name":"(anonymous_2)","decl":{"start":{"line":84,"column":32},"end":{"line":84,"column":33}},"loc":{"start":{"line":84,"column":58},"end":{"line":91,"column":1}},"line":84},"3":{"name":"(anonymous_3)","decl":{"start":{"line":94,"column":31},"end":{"line":94,"column":32}},"loc":{"start":{"line":94,"column":57},"end":{"line":100,"column":1}},"line":94},"4":{"name":"(anonymous_4)","decl":{"start":{"line":103,"column":34},"end":{"line":103,"column":35}},"loc":{"start":{"line":103,"column":60},"end":{"line":112,"column":1}},"line":103}},"branchMap":{"0":{"loc":{"start":{"line":29,"column":4},"end":{"line":35,"column":5}},"type":"if","locations":[{"start":{"line":29,"column":4},"end":{"line":35,"column":5}},{"start":{},"end":{}}],"line":29},"1":{"loc":{"start":{"line":63,"column":4},"end":{"line":80,"column":5}},"type":"if","locations":[{"start":{"line":63,"column":4},"end":{"line":80,"column":5}},{"start":{"line":75,"column":11},"end":{"line":80,"column":5}}],"line":63},"2":{"loc":{"start":{"line":63,"column":8},"end":{"line":63,"column":63}},"type":"binary-expr","locations":[{"start":{"line":63,"column":8},"end":{"line":63,"column":12}},{"start":{"line":63,"column":17},"end":{"line":63,"column":62}}],"line":63},"3":{"loc":{"start":{"line":85,"column":18},"end":{"line":85,"column":43}},"type":"binary-expr","locations":[{"start":{"line":85,"column":18},"end":{"line":85,"column":37}},{"start":{"line":85,"column":41},"end":{"line":85,"column":43}}],"line":85}},"s":{"0":1,"1":1,"2":1,"3":1,"4":1,"5":1,"6":1,"7":0,"8":0,"9":0,"10":0,"11":0,"12":0,"13":0,"14":1,"15":0,"16":0,"17":0,"18":0,"19":0,"20":0,"21":1,"22":0,"23":0,"24":1,"25":0,"26":0,"27":1,"28":0,"29":0,"30":0,"31":0},"f":{"0":0,"1":0,"2":0,"3":0,"4":0},"b":{"0":[0,0],"1":[0,0],"2":[0,0],"3":[0,0]},"_coverageSchema":"1a1c01bbd47fc00a2c39e90264f33305004495a9","hash":"c97a88f30e5660b753559097a8aedf3c1660835e"}
,"C:\\Users\\User\\Desktop\\budget-planning-app\\middleware\\auth.js": {"path":"C:\\Users\\User\\Desktop\\budget-planning-app\\middleware\\auth.js","statementMap":{"0":{"start":{"line":2,"column":12},"end":{"line":2,"column":35}},"1":{"start":{"line":4,"column":21},"end":{"line":4,"column":53}},"2":{"start":{"line":7,"column":13},"end":{"line":7,"column":38}},"3":{"start":{"line":9,"column":13},"end":{"line":33,"column":2}},"4":{"start":{"line":12,"column":4},"end":{"line":27,"column":5}},"5":{"start":{"line":13,"column":8},"end":{"line":26,"column":9}},"6":{"start":{"line":15,"column":12},"end":{"line":15,"column":60}},"7":{"start":{"line":17,"column":28},"end":{"line":17,"column":69}},"8":{"start":{"line":20,"column":12},"end":{"line":20,"column":75}},"9":{"start":{"line":22,"column":12},"end":{"line":22,"column":19}},"10":{"start":{"line":24,"column":12},"end":{"line":24,"column":28}},"11":{"start":{"line":25,"column":12},"end":{"line":25,"column":44}},"12":{"start":{"line":29,"column":4},"end":{"line":32,"column":5}},"13":{"start":{"line":30,"column":8},"end":{"line":30,"column":24}},"14":{"start":{"line":31,"column":8},"end":{"line":31,"column":50}},"15":{"start":{"line":35,"column":0},"end":{"line":35,"column":22}}},"fnMap":{"0":{"name":"(anonymous_0)","decl":{"start":{"line":9,"column":26},"end":{"line":9,"column":27}},"loc":{"start":{"line":9,"column":52},"end":{"line":33,"column":1}},"line":9}},"branchMap":{"0":{"loc":{"start":{"line":12,"column":4},"end":{"line":27,"column":5}},"type":"if","locations":[{"start":{"line":12,"column":4},"end":{"line":27,"column":5}},{"start":{},"end":{}}],"line":12},"1":{"loc":{"start":{"line":12,"column":8},"end":{"line":12,"column":83}},"type":"binary-expr","locations":[{"start":{"line":12,"column":8},"end":{"line":12,"column":33}},{"start":{"line":12,"column":37},"end":{"line":12,"column":83}}],"line":12},"2":{"loc":{"start":{"line":29,"column":4},"end":{"line":32,"column":5}},"type":"if","locations":[{"start":{"line":29,"column":4},"end":{"line":32,"column":5}},{"start":{},"end":{}}],"line":29}},"s":{"0":1,"1":1,"2":1,"3":1,"4":3,"5":1,"6":1,"7":1,"8":1,"9":1,"10":0,"11":0,"12":3,"13":2,"14":2,"15":1},"f":{"0":3},"b":{"0":[1,2],"1":[3,1],"2":[2,1]},"_coverageSchema":"1a1c01bbd47fc00a2c39e90264f33305004495a9","hash":"7c01f0033c159e39fbf2915eaae44438b59941b0"}
,"C:\\Users\\User\\Desktop\\budget-planning-app\\middleware\\errorMiddleware.js": {"path":"C:\\Users\\User\\Desktop\\budget-planning-app\\middleware\\errorMiddleware.js","statementMap":{"0":{"start":{"line":2,"column":21},"end":{"line":10,"column":1}},"1":{"start":{"line":3,"column":23},"end":{"line":3,"column":60}},"2":{"start":{"line":5,"column":4},"end":{"line":5,"column":27}},"3":{"start":{"line":7,"column":4},"end":{"line":9,"column":7}},"4":{"start":{"line":12,"column":0},"end":{"line":12,"column":30}}},"fnMap":{"0":{"name":"(anonymous_0)","decl":{"start":{"line":2,"column":21},"end":{"line":2,"column":22}},"loc":{"start":{"line":2,"column":46},"end":{"line":10,"column":1}},"line":2}},"branchMap":{"0":{"loc":{"start":{"line":3,"column":23},"end":{"line":3,"column":60}},"type":"cond-expr","locations":[{"start":{"line":3,"column":40},"end":{"line":3,"column":54}},{"start":{"line":3,"column":57},"end":{"line":3,"column":60}}],"line":3}},"s":{"0":1,"1":3,"2":3,"3":3,"4":1},"f":{"0":3},"b":{"0":[3,0]},"_coverageSchema":"1a1c01bbd47fc00a2c39e90264f33305004495a9","hash":"d0e1a71950ef268bf5245ca47133f3d5154d35ec"}
,"C:\\Users\\User\\Desktop\\budget-planning-app\\middleware\\guards.js": {"path":"C:\\Users\\User\\Desktop\\budget-planning-app\\middleware\\guards.js","statementMap":{"0":{"start":{"line":1,"column":21},"end":{"line":1,"column":53}},"1":{"start":{"line":4,"column":13},"end":{"line":4,"column":38}},"2":{"start":{"line":7,"column":19},"end":{"line":15,"column":2}},"3":{"start":{"line":8,"column":17},"end":{"line":8,"column":57}},"4":{"start":{"line":10,"column":4},"end":{"line":14,"column":5}},"5":{"start":{"line":11,"column":8},"end":{"line":11,"column":15}},"6":{"start":{"line":13,"column":8},"end":{"line":13,"column":45}},"7":{"start":{"line":17,"column":0},"end":{"line":19,"column":2}}},"fnMap":{"0":{"name":"(anonymous_0)","decl":{"start":{"line":7,"column":32},"end":{"line":7,"column":33}},"loc":{"start":{"line":7,"column":58},"end":{"line":15,"column":1}},"line":7}},"branchMap":{"0":{"loc":{"start":{"line":10,"column":4},"end":{"line":14,"column":5}},"type":"if","locations":[{"start":{"line":10,"column":4},"end":{"line":14,"column":5}},{"start":{"line":12,"column":11},"end":{"line":14,"column":5}}],"line":10},"1":{"loc":{"start":{"line":10,"column":8},"end":{"line":10,"column":51}},"type":"binary-expr","locations":[{"start":{"line":10,"column":8},"end":{"line":10,"column":12}},{"start":{"line":10,"column":16},"end":{"line":10,"column":51}}],"line":10}},"s":{"0":1,"1":1,"2":1,"3":0,"4":0,"5":0,"6":0,"7":1},"f":{"0":0},"b":{"0":[0,0],"1":[0,0]},"_coverageSchema":"1a1c01bbd47fc00a2c39e90264f33305004495a9","hash":"18ec559fcdac47c01c2b268b1eb0bd2fcfb02b7d"}
,"C:\\Users\\User\\Desktop\\budget-planning-app\\middleware\\notFound.js": {"path":"C:\\Users\\User\\Desktop\\budget-planning-app\\middleware\\notFound.js","statementMap":{"0":{"start":{"line":2,"column":24},"end":{"line":2,"column":83}},"1":{"start":{"line":2,"column":38},"end":{"line":2,"column":83}},"2":{"start":{"line":4,"column":0},"end":{"line":4,"column":33}}},"fnMap":{"0":{"name":"(anonymous_0)","decl":{"start":{"line":2,"column":24},"end":{"line":2,"column":25}},"loc":{"start":{"line":2,"column":38},"end":{"line":2,"column":83}},"line":2}},"branchMap":{},"s":{"0":1,"1":3,"2":1},"f":{"0":3},"b":{},"_coverageSchema":"1a1c01bbd47fc00a2c39e90264f33305004495a9","hash":"1396b35476f5681b7a6ac583bb15a1fdc2fc3b5e"}
,"C:\\Users\\User\\Desktop\\budget-planning-app\\models\\Account.js": {"path":"C:\\Users\\User\\Desktop\\budget-planning-app\\models\\Account.js","statementMap":{"0":{"start":{"line":1,"column":17},"end":{"line":1,"column":36}},"1":{"start":{"line":4,"column":22},"end":{"line":34,"column":2}},"2":{"start":{"line":36,"column":0},"end":{"line":36,"column":58}}},"fnMap":{},"branchMap":{},"s":{"0":1,"1":1,"2":1},"f":{},"b":{},"_coverageSchema":"1a1c01bbd47fc00a2c39e90264f33305004495a9","hash":"7908d1b0e3e6407687bef83d7b8cb82e8ed6d9cd"}
,"C:\\Users\\User\\Desktop\\budget-planning-app\\models\\Category.js": {"path":"C:\\Users\\User\\Desktop\\budget-planning-app\\models\\Category.js","statementMap":{"0":{"start":{"line":1,"column":17},"end":{"line":1,"column":36}},"1":{"start":{"line":4,"column":23},"end":{"line":23,"column":2}},"2":{"start":{"line":25,"column":0},"end":{"line":25,"column":60}}},"fnMap":{},"branchMap":{},"s":{"0":1,"1":1,"2":1},"f":{},"b":{},"_coverageSchema":"1a1c01bbd47fc00a2c39e90264f33305004495a9","hash":"64ef89faddb375d896a74228d650670fcce03a04"}
,"C:\\Users\\User\\Desktop\\budget-planning-app\\models\\Currency.js": {"path":"C:\\Users\\User\\Desktop\\budget-planning-app\\models\\Currency.js","statementMap":{"0":{"start":{"line":1,"column":17},"end":{"line":1,"column":36}},"1":{"start":{"line":4,"column":23},"end":{"line":13,"column":2}},"2":{"start":{"line":15,"column":0},"end":{"line":15,"column":64}}},"fnMap":{},"branchMap":{},"s":{"0":1,"1":1,"2":1},"f":{},"b":{},"_coverageSchema":"1a1c01bbd47fc00a2c39e90264f33305004495a9","hash":"2c0813f43f89017859b5ee04cf56cc9bd2af989f"}
,"C:\\Users\\User\\Desktop\\budget-planning-app\\models\\PiggyBank.js": {"path":"C:\\Users\\User\\Desktop\\budget-planning-app\\models\\PiggyBank.js","statementMap":{"0":{"start":{"line":1,"column":17},"end":{"line":1,"column":36}},"1":{"start":{"line":4,"column":24},"end":{"line":34,"column":2}},"2":{"start":{"line":36,"column":0},"end":{"line":36,"column":62}}},"fnMap":{},"branchMap":{},"s":{"0":1,"1":1,"2":1},"f":{},"b":{},"_coverageSchema":"1a1c01bbd47fc00a2c39e90264f33305004495a9","hash":"0ec55f9c6c996d1a984f8bcd89364ae7f9efe721"}
,"C:\\Users\\User\\Desktop\\budget-planning-app\\models\\Transaction.js": {"path":"C:\\Users\\User\\Desktop\\budget-planning-app\\models\\Transaction.js","statementMap":{"0":{"start":{"line":1,"column":17},"end":{"line":1,"column":36}},"1":{"start":{"line":4,"column":26},"end":{"line":47,"column":2}},"2":{"start":{"line":49,"column":0},"end":{"line":51,"column":3}},"3":{"start":{"line":50,"column":4},"end":{"line":50,"column":66}},"4":{"start":{"line":53,"column":0},"end":{"line":53,"column":66}}},"fnMap":{"0":{"name":"(anonymous_0)","decl":{"start":{"line":49,"column":30},"end":{"line":49,"column":31}},"loc":{"start":{"line":49,"column":42},"end":{"line":51,"column":1}},"line":49}},"branchMap":{"0":{"loc":{"start":{"line":50,"column":27},"end":{"line":50,"column":65}},"type":"cond-expr","locations":[{"start":{"line":50,"column":45},"end":{"line":50,"column":53}},{"start":{"line":50,"column":56},"end":{"line":50,"column":65}}],"line":50}},"s":{"0":1,"1":1,"2":1,"3":0,"4":1},"f":{"0":0},"b":{"0":[0,0]},"_coverageSchema":"1a1c01bbd47fc00a2c39e90264f33305004495a9","hash":"b16abd8b997bd5cbd77ec686aeddc9f8ab68b446"}
,"C:\\Users\\User\\Desktop\\budget-planning-app\\models\\User.js": {"path":"C:\\Users\\User\\Desktop\\budget-planning-app\\models\\User.js","statementMap":{"0":{"start":{"line":1,"column":17},"end":{"line":1,"column":36}},"1":{"start":{"line":4,"column":19},"end":{"line":50,"column":2}},"2":{"start":{"line":53,"column":13},"end":{"line":53,"column":47}},"3":{"start":{"line":54,"column":0},"end":{"line":54,"column":22}}},"fnMap":{},"branchMap":{},"s":{"0":1,"1":1,"2":1,"3":1},"f":{},"b":{},"_coverageSchema":"1a1c01bbd47fc00a2c39e90264f33305004495a9","hash":"530dd89925ba7b46358a6365cc202512776da4cd"}
,"C:\\Users\\User\\Desktop\\budget-planning-app\\routes\\accountRoutes.js": {"path":"C:\\Users\\User\\Desktop\\budget-planning-app\\routes\\accountRoutes.js","statementMap":{"0":{"start":{"line":1,"column":16},"end":{"line":1,"column":34}},"1":{"start":{"line":3,"column":15},"end":{"line":3,"column":31}},"2":{"start":{"line":11,"column":5},"end":{"line":11,"column":48}},"3":{"start":{"line":14,"column":13},"end":{"line":14,"column":42}},"4":{"start":{"line":16,"column":0},"end":{"line":18,"column":31}},"5":{"start":{"line":21,"column":0},"end":{"line":24,"column":33}},"6":{"start":{"line":26,"column":0},"end":{"line":26,"column":24}}},"fnMap":{},"branchMap":{},"s":{"0":1,"1":1,"2":1,"3":1,"4":1,"5":1,"6":1},"f":{},"b":{},"_coverageSchema":"1a1c01bbd47fc00a2c39e90264f33305004495a9","hash":"42ce4c927c0a965aae5eb39a880fcadeb758d2ef"}
,"C:\\Users\\User\\Desktop\\budget-planning-app\\routes\\categoryRoutes.js": {"path":"C:\\Users\\User\\Desktop\\budget-planning-app\\routes\\categoryRoutes.js","statementMap":{"0":{"start":{"line":1,"column":16},"end":{"line":1,"column":34}},"1":{"start":{"line":3,"column":15},"end":{"line":3,"column":31}},"2":{"start":{"line":12,"column":4},"end":{"line":12,"column":48}},"3":{"start":{"line":15,"column":13},"end":{"line":15,"column":42}},"4":{"start":{"line":18,"column":0},"end":{"line":20,"column":32}},"5":{"start":{"line":23,"column":0},"end":{"line":26,"column":34}},"6":{"start":{"line":28,"column":0},"end":{"line":28,"column":24}}},"fnMap":{},"branchMap":{},"s":{"0":1,"1":1,"2":1,"3":1,"4":1,"5":1,"6":1},"f":{},"b":{},"_coverageSchema":"1a1c01bbd47fc00a2c39e90264f33305004495a9","hash":"41252eeb0a9c87e1a6ef39b745fa502109142ba6"}
,"C:\\Users\\User\\Desktop\\budget-planning-app\\routes\\currencyRoutes.js": {"path":"C:\\Users\\User\\Desktop\\budget-planning-app\\routes\\currencyRoutes.js","statementMap":{"0":{"start":{"line":1,"column":16},"end":{"line":1,"column":34}},"1":{"start":{"line":3,"column":15},"end":{"line":3,"column":31}},"2":{"start":{"line":12,"column":4},"end":{"line":12,"column":48}},"3":{"start":{"line":15,"column":13},"end":{"line":15,"column":42}},"4":{"start":{"line":16,"column":23},"end":{"line":16,"column":54}},"5":{"start":{"line":19,"column":0},"end":{"line":21,"column":44}},"6":{"start":{"line":24,"column":0},"end":{"line":27,"column":46}},"7":{"start":{"line":29,"column":0},"end":{"line":29,"column":24}}},"fnMap":{},"branchMap":{},"s":{"0":1,"1":1,"2":1,"3":1,"4":1,"5":1,"6":1,"7":1},"f":{},"b":{},"_coverageSchema":"1a1c01bbd47fc00a2c39e90264f33305004495a9","hash":"03a1bd0ebf9407bc4993f2ff0a94d81709a526ae"}
,"C:\\Users\\User\\Desktop\\budget-planning-app\\routes\\piggyBankRoutes.js": {"path":"C:\\Users\\User\\Desktop\\budget-planning-app\\routes\\piggyBankRoutes.js","statementMap":{"0":{"start":{"line":1,"column":16},"end":{"line":1,"column":34}},"1":{"start":{"line":3,"column":15},"end":{"line":3,"column":31}},"2":{"start":{"line":12,"column":5},"end":{"line":12,"column":50}},"3":{"start":{"line":15,"column":13},"end":{"line":15,"column":42}},"4":{"start":{"line":18,"column":0},"end":{"line":20,"column":33}},"5":{"start":{"line":23,"column":0},"end":{"line":26,"column":35}},"6":{"start":{"line":28,"column":0},"end":{"line":28,"column":24}}},"fnMap":{},"branchMap":{},"s":{"0":1,"1":1,"2":1,"3":1,"4":1,"5":1,"6":1},"f":{},"b":{},"_coverageSchema":"1a1c01bbd47fc00a2c39e90264f33305004495a9","hash":"bf91e64fedf333d539ffb4be79418ce0c7d1bbb2"}
,"C:\\Users\\User\\Desktop\\budget-planning-app\\routes\\transactionRoutes.js": {"path":"C:\\Users\\User\\Desktop\\budget-planning-app\\routes\\transactionRoutes.js","statementMap":{"0":{"start":{"line":1,"column":16},"end":{"line":1,"column":34}},"1":{"start":{"line":3,"column":15},"end":{"line":3,"column":31}},"2":{"start":{"line":12,"column":5},"end":{"line":12,"column":52}},"3":{"start":{"line":15,"column":13},"end":{"line":15,"column":42}},"4":{"start":{"line":18,"column":0},"end":{"line":20,"column":35}},"5":{"start":{"line":23,"column":0},"end":{"line":26,"column":37}},"6":{"start":{"line":28,"column":0},"end":{"line":28,"column":24}}},"fnMap":{},"branchMap":{},"s":{"0":1,"1":1,"2":1,"3":1,"4":1,"5":1,"6":1},"f":{},"b":{},"_coverageSchema":"1a1c01bbd47fc00a2c39e90264f33305004495a9","hash":"764033995b5bf9622849ddca016869552358000b"}
,"C:\\Users\\User\\Desktop\\budget-planning-app\\routes\\userRoutes.js": {"path":"C:\\Users\\User\\Desktop\\budget-planning-app\\routes\\userRoutes.js","statementMap":{"0":{"start":{"line":1,"column":16},"end":{"line":1,"column":34}},"1":{"start":{"line":3,"column":15},"end":{"line":3,"column":31}},"2":{"start":{"line":6,"column":13},"end":{"line":6,"column":42}},"3":{"start":{"line":9,"column":23},"end":{"line":9,"column":54}},"4":{"start":{"line":18,"column":5},"end":{"line":18,"column":46}},"5":{"start":{"line":21,"column":0},"end":{"line":21,"column":50}},"6":{"start":{"line":23,"column":0},"end":{"line":25,"column":42}},"7":{"start":{"line":28,"column":0},"end":{"line":28,"column":39}},"8":{"start":{"line":31,"column":0},"end":{"line":31,"column":45}},"9":{"start":{"line":33,"column":0},"end":{"line":33,"column":24}}},"fnMap":{},"branchMap":{},"s":{"0":1,"1":1,"2":1,"3":1,"4":1,"5":1,"6":1,"7":1,"8":1,"9":1},"f":{},"b":{},"_coverageSchema":"1a1c01bbd47fc00a2c39e90264f33305004495a9","hash":"8a8a4916a787a7f89aa004b4627fbfcd6021bb6d"}
,"C:\\Users\\User\\Desktop\\budget-planning-app\\utils\\asyncWrapper.js": {"path":"C:\\Users\\User\\Desktop\\budget-planning-app\\utils\\asyncWrapper.js","statementMap":{"0":{"start":{"line":2,"column":21},"end":{"line":8,"column":5}},"1":{"start":{"line":2,"column":31},"end":{"line":8,"column":5}},"2":{"start":{"line":3,"column":8},"end":{"line":7,"column":9}},"3":{"start":{"line":4,"column":12},"end":{"line":4,"column":39}},"4":{"start":{"line":6,"column":12},"end":{"line":6,"column":22}},"5":{"start":{"line":10,"column":0},"end":{"line":10,"column":30}}},"fnMap":{"0":{"name":"(anonymous_0)","decl":{"start":{"line":2,"column":21},"end":{"line":2,"column":22}},"loc":{"start":{"line":2,"column":31},"end":{"line":8,"column":5}},"line":2},"1":{"name":"(anonymous_1)","decl":{"start":{"line":2,"column":31},"end":{"line":2,"column":32}},"loc":{"start":{"line":2,"column":57},"end":{"line":8,"column":5}},"line":2}},"branchMap":{},"s":{"0":1,"1":32,"2":4,"3":4,"4":3,"5":1},"f":{"0":32,"1":4},"b":{},"_coverageSchema":"1a1c01bbd47fc00a2c39e90264f33305004495a9","hash":"17bcb33a7d1fc2f0847a8dfe1c09a4b1ba84ccf2"}
}
